0 info it worked if it ends with ok
1 verbose cli [ '/usr/local/bin/node', '/usr/local/bin/npm', 'start' ]
2 info using npm@3.10.6
3 info using node@v4.5.0
4 verbose run-script [ 'prestart', 'start', 'poststart' ]
5 info lifecycle react_fundamentals@1.0.0~prestart: react_fundamentals@1.0.0
6 silly lifecycle react_fundamentals@1.0.0~prestart: no script for prestart, continuing
7 info lifecycle react_fundamentals@1.0.0~start: react_fundamentals@1.0.0
8 verbose lifecycle react_fundamentals@1.0.0~start: unsafe-perm in lifecycle true
9 verbose lifecycle react_fundamentals@1.0.0~start: PATH: /usr/local/lib/node_modules/npm/bin/node-gyp-bin:/Users/macpro/github/codecore/react/react_fundamentals/node_modules/.bin:/Users/macpro/.npm-global/bin:/Users/macpro/.rbenv/shims:/usr/local/bin:/usr/bin:/bin:/usr/sbin:/sbin:/Users/macpro/.rvm/bin:/Users/macpro/.rvm/bin
10 verbose lifecycle react_fundamentals@1.0.0~start: CWD: /Users/macpro/github/codecore/react/react_fundamentals
11 silly lifecycle react_fundamentals@1.0.0~start: Args: [ '-c', 'webpack-dev-server --hot --host 0.0.0.0' ]
12 silly lifecycle react_fundamentals@1.0.0~start: Returned: code: 1  signal: null
13 info lifecycle react_fundamentals@1.0.0~start: Failed to exec start script
14 verbose stack Error: react_fundamentals@1.0.0 start: `webpack-dev-server --hot --host 0.0.0.0`
14 verbose stack Exit status 1
14 verbose stack     at EventEmitter.<anonymous> (/usr/local/lib/node_modules/npm/lib/utils/lifecycle.js:255:16)
14 verbose stack     at emitTwo (events.js:87:13)
14 verbose stack     at EventEmitter.emit (events.js:172:7)
14 verbose stack     at ChildProcess.<anonymous> (/usr/local/lib/node_modules/npm/lib/utils/spawn.js:40:14)
14 verbose stack     at emitTwo (events.js:87:13)
14 verbose stack     at ChildProcess.emit (events.js:172:7)
14 verbose stack     at maybeClose (internal/child_process.js:829:16)
14 verbose stack     at Process.ChildProcess._handle.onexit (internal/child_process.js:211:5)
15 verbose pkgid react_fundamentals@1.0.0
16 verbose cwd /Users/macpro/github/codecore/react/react_fundamentals
17 error Darwin 15.6.0
18 error argv "/usr/local/bin/node" "/usr/local/bin/npm" "start"
19 error node v4.5.0
20 error npm  v3.10.6
21 error code ELIFECYCLE
22 error react_fundamentals@1.0.0 start: `webpack-dev-server --hot --host 0.0.0.0`
22 error Exit status 1
23 error Failed at the react_fundamentals@1.0.0 start script 'webpack-dev-server --hot --host 0.0.0.0'.
23 error Make sure you have the latest version of node.js and npm installed.
23 error If you do, this is most likely a problem with the react_fundamentals package,
23 error not with npm itself.
23 error Tell the author that this fails on your system:
23 error     webpack-dev-server --hot --host 0.0.0.0
23 error You can get information on how to open an issue for this project with:
23 error     npm bugs react_fundamentals
23 error Or if that isn't available, you can get their info via:
23 error     npm owner ls react_fundamentals
23 error There is likely additional logging output above.
24 verbose exit [ 1, true ]
